<?xml version="1.0" encoding="UTF-8"?>
<testng-results ignored="0" total="8" passed="8" failed="0" skipped="0">
  <reporter-output>
  </reporter-output>
  <suite started-at="2025-12-22T17:10:56 IST" name="Default suite" finished-at="2025-12-22T17:11:22 IST" duration-ms="25657">
    <groups>
    </groups>
    <test started-at="2025-12-22T17:10:56 IST" name="Default test" finished-at="2025-12-22T17:11:22 IST" duration-ms="25657">
      <class name="testNG.TestNGClass">
        <test-method signature="launch_Browser()[pri:1, instance:testNG.TestNGClass@7714e963]" started-at="2025-12-22T17:11:02 IST" name="launch_Browser" finished-at="2025-12-22T17:11:04 IST" duration-ms="2072" status="PASS">
          <reporter-output>
          </reporter-output>
        </test-method> <!-- launch_Browser -->
        <test-method signature="Hiturl()[pri:2, instance:testNG.TestNGClass@7714e963]" started-at="2025-12-22T17:11:05 IST" name="Hiturl" finished-at="2025-12-22T17:11:07 IST" duration-ms="2007" status="PASS">
          <reporter-output>
          </reporter-output>
        </test-method> <!-- Hiturl -->
        <test-method signature="selectgender()[pri:3, instance:testNG.TestNGClass@7714e963]" started-at="2025-12-22T17:11:07 IST" name="selectgender" finished-at="2025-12-22T17:11:10 IST" duration-ms="2147" status="PASS">
          <reporter-output>
          </reporter-output>
        </test-method> <!-- selectgender -->
        <test-method signature="Women()[pri:4, instance:testNG.TestNGClass@7714e963]" started-at="2025-12-22T17:11:10 IST" name="Women" finished-at="2025-12-22T17:11:12 IST" duration-ms="2190" status="PASS">
          <reporter-output>
          </reporter-output>
        </test-method> <!-- Women -->
        <test-method signature="Men()[pri:5, instance:testNG.TestNGClass@7714e963]" started-at="2025-12-22T17:11:12 IST" name="Men" finished-at="2025-12-22T17:11:14 IST" duration-ms="2168" status="PASS">
          <reporter-output>
          </reporter-output>
        </test-method> <!-- Men -->
        <test-method signature="Kids()[pri:6, instance:testNG.TestNGClass@7714e963]" started-at="2025-12-22T17:11:15 IST" name="Kids" finished-at="2025-12-22T17:11:17 IST" duration-ms="2184" status="PASS">
          <reporter-output>
          </reporter-output>
        </test-method> <!-- Kids -->
        <test-method signature="Home()[pri:7, instance:testNG.TestNGClass@7714e963]" started-at="2025-12-22T17:11:17 IST" name="Home" finished-at="2025-12-22T17:11:19 IST" duration-ms="2173" status="PASS">
          <reporter-output>
          </reporter-output>
        </test-method> <!-- Home -->
        <test-method signature="offers()[pri:8, instance:testNG.TestNGClass@7714e963]" started-at="2025-12-22T17:11:20 IST" name="offers" finished-at="2025-12-22T17:11:22 IST" duration-ms="2166" status="PASS">
          <reporter-output>
          </reporter-output>
        </test-method> <!-- offers -->
      </class> <!-- testNG.TestNGClass -->
    </test> <!-- Default test -->
  </suite> <!-- Default suite -->
</testng-results>
