<?xml version="1.0" encoding="UTF-8"?>
<!-- Generated by org.testng.reporters.JUnitReportReporter -->
<testsuite hostname="DESKTOP-FL5G0FF" failures="0" tests="4" name="testNG.NewTest" time="9.480" errors="0" timestamp="2025-12-21T09:25:40 IST" skipped="0">
  <testcase classname="testNG.NewTest" name="f3" time="0.004"/>
  <testcase classname="testNG.NewTest" name="f" time="9.462"/>
  <testcase classname="testNG.NewTest" name="f1" time="0.005"/>
  <testcase classname="testNG.NewTest" name="f2" time="0.009"/>
</testsuite> <!-- testNG.NewTest -->
