<?xml version="1.0" encoding="UTF-8"?>
<!-- Generated by org.testng.reporters.JUnitReportReporter -->
<testsuite hostname="DESKTOP-FL5G0FF" failures="0" tests="8" name="testNG.TestNGClass" time="17.107" errors="0" timestamp="2025-12-22T17:11:22 IST" skipped="0">
  <testcase classname="testNG.TestNGClass" name="launch_Browser" time="2.072"/>
  <testcase classname="testNG.TestNGClass" name="Hiturl" time="2.007"/>
  <testcase classname="testNG.TestNGClass" name="selectgender" time="2.147"/>
  <testcase classname="testNG.TestNGClass" name="Women" time="2.190"/>
  <testcase classname="testNG.TestNGClass" name="Men" time="2.168"/>
  <testcase classname="testNG.TestNGClass" name="Kids" time="2.184"/>
  <testcase classname="testNG.TestNGClass" name="Home" time="2.173"/>
  <testcase classname="testNG.TestNGClass" name="offers" time="2.166"/>
</testsuite> <!-- testNG.TestNGClass -->
