<?xml version="1.0" encoding="UTF-8"?>
<!-- Generated by org.testng.reporters.JUnitReportReporter -->
<testsuite hostname="DESKTOP-FL5G0FF" failures="0" tests="5" name="testNG.class02" time="13.490" errors="0" timestamp="2025-12-22T09:25:18 IST" skipped="0">
  <testcase classname="testNG.class02" name="Hiturl" time="4.858"/>
  <testcase classname="testNG.class02" name="searchbar" time="0.545"/>
  <testcase classname="testNG.class02" name="searchbutton" time="3.360"/>
  <testcase classname="testNG.class02" name="selectproduct" time="4.274"/>
  <testcase classname="testNG.class02" name="selectsize" time="0.453"/>
</testsuite> <!-- testNG.class02 -->
